{
  "stats": {
    "suites": 1,
    "tests": 6,
    "passes": 6,
    "pending": 0,
    "failures": 0,
    "start": "2025-11-08T20:44:36.524Z",
    "end": "2025-11-08T20:44:38.154Z",
    "duration": 1630,
    "testsRegistered": 6,
    "passPercent": 100,
    "pendingPercent": 0,
    "other": 0,
    "hasOther": false,
    "skipped": 0,
    "hasSkipped": false
  },
  "results": [
    {
      "uuid": "070d6bfb-a378-4762-9c18-478f800fa2a9",
      "title": "",
      "fullFile": "cypress\\e2e\\api\\usersTest.cy.js",
      "file": "cypress\\e2e\\api\\usersTest.cy.js",
      "beforeHooks": [],
      "afterHooks": [],
      "tests": [],
      "suites": [
        {
          "uuid": "67279091-0548-4407-9b3f-d150a0ba32d1",
          "title": "Suite de Teste - Funcionalidades Usuários",
          "fullFile": "",
          "file": "",
          "beforeHooks": [],
          "afterHooks": [],
          "tests": [
            {
              "title": "Deve fazer login com sucesso usando classe de ação",
              "fullTitle": "Suite de Teste - Funcionalidades Usuários Deve fazer login com sucesso usando classe de ação",
              "timedOut": null,
              "duration": 252,
              "state": "passed",
              "speed": "fast",
              "pass": true,
              "fail": false,
              "pending": false,
              "context": null,
              "code": "const {\n  email,\n  password\n} = this.loginData.dadosUsuario;\nuserActions.login(email, password).then(response => {\n  expect(response.status).to.eq(200);\n  expect(response.body.message).to.eql('Login realizado com sucesso'); // Valida mensagem de sucesso\n  cy.log(response.body.authorization); // Mostra o token de autorização no log do Cypress\n});",
              "err": {},
              "uuid": "28fa518e-6bfb-4aea-a714-d81545c367cf",
              "parentUUID": "67279091-0548-4407-9b3f-d150a0ba32d1",
              "isHook": false,
              "skipped": false
            },
            {
              "title": "Deve cadastrar um usuário com sucesso",
              "fullTitle": "Suite de Teste - Funcionalidades Usuários Deve cadastrar um usuário com sucesso",
              "timedOut": null,
              "duration": 167,
              "state": "passed",
              "speed": "fast",
              "pass": true,
              "fail": false,
              "pending": false,
              "context": null,
              "code": "const {\n  nomeCompleto,\n  email,\n  senha,\n  admin\n} = gerarDadosUsuario();\nuserActions.cadastrarUsuario(nomeCompleto, email, senha, admin).should(response => {\n  expect(response.status).to.equal(201);\n  expect(response.body.message).to.equal('Cadastro realizado com sucesso');\n});",
              "err": {},
              "uuid": "2f94ec6a-4922-44d5-bec5-d486cdf6ca20",
              "parentUUID": "67279091-0548-4407-9b3f-d150a0ba32d1",
              "isHook": false,
              "skipped": false
            },
            {
              "title": "Deve validar um usuário com email inválido",
              "fullTitle": "Suite de Teste - Funcionalidades Usuários Deve validar um usuário com email inválido",
              "timedOut": null,
              "duration": 151,
              "state": "passed",
              "speed": "fast",
              "pass": true,
              "fail": false,
              "pending": false,
              "context": null,
              "code": "const {\n  nomeCompleto,\n  email,\n  senha,\n  admin\n} = gerarDadosUsuario(); //gerando o objeto com dados do usuário\nuserActions.cadastrarUsuario(nomeCompleto, email, senha, admin) // Primeiro cadastro para garantir que o email já existe\n.then(() => {\n  // Tenta cadastrar novamente com o mesmo email (espera erro)\n  userActions.cadastrarUsuario(nomeCompleto, email, senha, admin).should(response => {\n    // Valida que o status é 400 e a mensagem de erro\n    expect(response.status).to.equal(400);\n    expect(response.body.message).to.equal('Este email já está sendo usado');\n  });\n});",
              "err": {},
              "uuid": "7d5659d0-bead-45a6-aa7d-6b7c0805fe09",
              "parentUUID": "67279091-0548-4407-9b3f-d150a0ba32d1",
              "isHook": false,
              "skipped": false
            },
            {
              "title": "Deve listar usuários cadastrados",
              "fullTitle": "Suite de Teste - Funcionalidades Usuários Deve listar usuários cadastrados",
              "timedOut": null,
              "duration": 136,
              "state": "passed",
              "speed": "fast",
              "pass": true,
              "fail": false,
              "pending": false,
              "context": null,
              "code": "userActions.getUsuarios().then(response => {\n  expect(response.status).to.equal(200);\n  expect(response.body).to.have.property('quantidade');\n  expect(response.body).to.have.property('usuarios');\n  cy.log(`Total de usuários: ${response.body.quantidade}`);\n});",
              "err": {},
              "uuid": "e454e70a-0054-4d97-8379-002c4cada498",
              "parentUUID": "67279091-0548-4407-9b3f-d150a0ba32d1",
              "isHook": false,
              "skipped": false
            },
            {
              "title": "Deve deletar um usuário previamente cadastrado",
              "fullTitle": "Suite de Teste - Funcionalidades Usuários Deve deletar um usuário previamente cadastrado",
              "timedOut": null,
              "duration": 195,
              "state": "passed",
              "speed": "fast",
              "pass": true,
              "fail": false,
              "pending": false,
              "context": null,
              "code": "const {\n  nomeCompleto,\n  email,\n  senha,\n  admin\n} = gerarDadosUsuario();\nuserActions.cadastrarUsuario(nomeCompleto, email, senha, admin).then(res => {\n  const id = res.body._id;\n  userActions.deletarUsuario(id).should(resDel => {\n    expect(resDel.status).to.equal(200);\n    expect(resDel.body.message).to.equal('Registro excluído com sucesso');\n  });\n});",
              "err": {},
              "uuid": "d504989a-24b3-40a0-80e1-9bfb5fe484e6",
              "parentUUID": "67279091-0548-4407-9b3f-d150a0ba32d1",
              "isHook": false,
              "skipped": false
            },
            {
              "title": "Deve validar contrato de usuários",
              "fullTitle": "Suite de Teste - Funcionalidades Usuários Deve validar contrato de usuários",
              "timedOut": null,
              "duration": 319,
              "state": "passed",
              "speed": "fast",
              "pass": true,
              "fail": false,
              "pending": false,
              "context": null,
              "code": "cy.request('usuarios').then(response => {\n  return usersSchema.validateAsync(response.body);\n});",
              "err": {},
              "uuid": "67daebb6-5578-4b17-b5bc-337bbfe67f4d",
              "parentUUID": "67279091-0548-4407-9b3f-d150a0ba32d1",
              "isHook": false,
              "skipped": false
            }
          ],
          "suites": [],
          "passes": [
            "28fa518e-6bfb-4aea-a714-d81545c367cf",
            "2f94ec6a-4922-44d5-bec5-d486cdf6ca20",
            "7d5659d0-bead-45a6-aa7d-6b7c0805fe09",
            "e454e70a-0054-4d97-8379-002c4cada498",
            "d504989a-24b3-40a0-80e1-9bfb5fe484e6",
            "67daebb6-5578-4b17-b5bc-337bbfe67f4d"
          ],
          "failures": [],
          "pending": [],
          "skipped": [],
          "duration": 1220,
          "root": false,
          "rootEmpty": false,
          "_timeout": 2000
        }
      ],
      "passes": [],
      "failures": [],
      "pending": [],
      "skipped": [],
      "duration": 0,
      "root": true,
      "rootEmpty": true,
      "_timeout": 2000
    }
  ],
  "meta": {
    "mocha": {
      "version": "7.2.0"
    },
    "mochawesome": {
      "options": {
        "quiet": false,
        "reportFilename": "index.html",
        "saveHtml": true,
        "saveJson": true,
        "consoleReporter": "spec",
        "useInlineDiffs": false,
        "code": true
      },
      "version": "7.1.4"
    },
    "marge": {
      "options": {
        "reportDir": "mochawesome-report",
        "overwrite": false,
        "reportFilename": "index.html",
        "html": true,
        "json": true
      },
      "version": "6.3.2"
    }
  }
}