{
  "stats": {
    "suites": 1,
    "tests": 6,
    "passes": 6,
    "pending": 0,
    "failures": 0,
    "start": "2025-11-08T20:44:16.852Z",
    "end": "2025-11-08T20:44:19.984Z",
    "duration": 3132,
    "testsRegistered": 6,
    "passPercent": 100,
    "pendingPercent": 0,
    "other": 0,
    "hasOther": false,
    "skipped": 0,
    "hasSkipped": false
  },
  "results": [
    {
      "uuid": "7e76bff7-e558-44ee-a7ab-ca9a16f48056",
      "title": "",
      "fullFile": "cypress\\e2e\\api\\productsTest.cy.js",
      "file": "cypress\\e2e\\api\\productsTest.cy.js",
      "beforeHooks": [],
      "afterHooks": [],
      "tests": [],
      "suites": [
        {
          "uuid": "456c782a-b528-4ef8-91c7-00553a52d376",
          "title": "Testes de API - Produtos",
          "fullFile": "",
          "file": "",
          "beforeHooks": [],
          "afterHooks": [],
          "tests": [
            {
              "title": "Deve cadastrar produto com sucesso - POST",
              "fullTitle": "Testes de API - Produtos Deve cadastrar produto com sucesso - POST",
              "timedOut": null,
              "duration": 1656,
              "state": "passed",
              "speed": "fast",
              "pass": true,
              "fail": false,
              "pending": false,
              "context": null,
              "code": "const {\n  nome,\n  preco,\n  descricao,\n  quantidade\n} = gerarDadosProduto();\nproductActions.cadastrarProduto(token, nome, preco, descricao, quantidade).should(response => {\n  expect(response.status).to.equal(201);\n  expect(response.body.message).to.equal('Cadastro realizado com sucesso');\n});",
              "err": {},
              "uuid": "03b0e48d-a8d4-4d56-92c5-41805bce34d4",
              "parentUUID": "456c782a-b528-4ef8-91c7-00553a52d376",
              "isHook": false,
              "skipped": false
            },
            {
              "title": "Deve validar mensagem de nome de produto já cadastrado - POST",
              "fullTitle": "Testes de API - Produtos Deve validar mensagem de nome de produto já cadastrado - POST",
              "timedOut": null,
              "duration": 372,
              "state": "passed",
              "speed": "fast",
              "pass": true,
              "fail": false,
              "pending": false,
              "context": null,
              "code": "const nomeDuplicado = 'Cabo USB 001';\nconst {\n  preco,\n  descricao,\n  quantidade\n} = gerarDadosProduto();\n// Primeiro cadastra o produto\nproductActions.cadastrarProduto(token, nomeDuplicado, preco, descricao, quantidade).then(() => {\n  // Tenta cadastrar novamente o mesmo produto e valida o erro\n  productActions.cadastrarProduto(token, nomeDuplicado, preco, descricao, quantidade).should(response => {\n    expect(response.status).to.equal(400);\n    expect(response.body.message).to.equal('Já existe produto com esse nome');\n  });\n});",
              "err": {},
              "uuid": "6afb8ae4-61f4-4f65-ba6b-af03e2a62b52",
              "parentUUID": "456c782a-b528-4ef8-91c7-00553a52d376",
              "isHook": false,
              "skipped": false
            },
            {
              "title": "Deve listar produtos com sucesso - GET",
              "fullTitle": "Testes de API - Produtos Deve listar produtos com sucesso - GET",
              "timedOut": null,
              "duration": 203,
              "state": "passed",
              "speed": "fast",
              "pass": true,
              "fail": false,
              "pending": false,
              "context": null,
              "code": "productActions.listarProdutos().should(response => {\n  expect(response.status).to.equal(200);\n  expect(response.body).to.have.property('produtos');\n});",
              "err": {},
              "uuid": "03994790-822c-4810-bef8-013efea3c36c",
              "parentUUID": "456c782a-b528-4ef8-91c7-00553a52d376",
              "isHook": false,
              "skipped": false
            },
            {
              "title": "Deve editar um produto com sucesso - PUT",
              "fullTitle": "Testes de API - Produtos Deve editar um produto com sucesso - PUT",
              "timedOut": null,
              "duration": 216,
              "state": "passed",
              "speed": "fast",
              "pass": true,
              "fail": false,
              "pending": false,
              "context": null,
              "code": "const nome = `Produto para editar - ${Date.now()}`;\nproductActions.cadastrarProduto(token, nome, 10, 'Descrição original', 100).then(response => {\n  const id = response.body._id;\n  productActions.editarProduto(token, id, nome, 100, 'Descrição atualizada', 101).should(resEdit => {\n    expect(resEdit.status).to.equal(200);\n    expect(resEdit.body.message).to.equal('Registro alterado com sucesso');\n  });\n});",
              "err": {},
              "uuid": "0584cf2d-2716-42e8-a47d-74c6b19a8229",
              "parentUUID": "456c782a-b528-4ef8-91c7-00553a52d376",
              "isHook": false,
              "skipped": false
            },
            {
              "title": "Deve deletar um produto com sucesso - DELETE",
              "fullTitle": "Testes de API - Produtos Deve deletar um produto com sucesso - DELETE",
              "timedOut": null,
              "duration": 178,
              "state": "passed",
              "speed": "fast",
              "pass": true,
              "fail": false,
              "pending": false,
              "context": null,
              "code": "const nome = `Produto para deletar - ${Date.now()}`;\nproductActions.cadastrarProduto(token, nome, 50, 'delete', 20).then(response => {\n  const id = response.body._id;\n  productActions.deletarProduto(token, id).should(resDel => {\n    expect(resDel.status).to.equal(200);\n    expect(resDel.body.message).to.equal('Registro excluído com sucesso');\n  });\n});",
              "err": {},
              "uuid": "73036a61-927f-4ba1-bee8-fbc76ebd1fe2",
              "parentUUID": "456c782a-b528-4ef8-91c7-00553a52d376",
              "isHook": false,
              "skipped": false
            },
            {
              "title": "Deve validar contrato de produtos com sucesso",
              "fullTitle": "Testes de API - Produtos Deve validar contrato de produtos com sucesso",
              "timedOut": null,
              "duration": 126,
              "state": "passed",
              "speed": "fast",
              "pass": true,
              "fail": false,
              "pending": false,
              "context": null,
              "code": "cy.request('produtos').then(response => {\n  return productsSchema.validateAsync(response.body);\n});",
              "err": {},
              "uuid": "36220cfc-28be-4afe-bb01-05f8f1545a9c",
              "parentUUID": "456c782a-b528-4ef8-91c7-00553a52d376",
              "isHook": false,
              "skipped": false
            }
          ],
          "suites": [],
          "passes": [
            "03b0e48d-a8d4-4d56-92c5-41805bce34d4",
            "6afb8ae4-61f4-4f65-ba6b-af03e2a62b52",
            "03994790-822c-4810-bef8-013efea3c36c",
            "0584cf2d-2716-42e8-a47d-74c6b19a8229",
            "73036a61-927f-4ba1-bee8-fbc76ebd1fe2",
            "36220cfc-28be-4afe-bb01-05f8f1545a9c"
          ],
          "failures": [],
          "pending": [],
          "skipped": [],
          "duration": 2751,
          "root": false,
          "rootEmpty": false,
          "_timeout": 2000
        }
      ],
      "passes": [],
      "failures": [],
      "pending": [],
      "skipped": [],
      "duration": 0,
      "root": true,
      "rootEmpty": true,
      "_timeout": 2000
    }
  ],
  "meta": {
    "mocha": {
      "version": "7.2.0"
    },
    "mochawesome": {
      "options": {
        "quiet": false,
        "reportFilename": "index.html",
        "saveHtml": true,
        "saveJson": true,
        "consoleReporter": "spec",
        "useInlineDiffs": false,
        "code": true
      },
      "version": "7.1.4"
    },
    "marge": {
      "options": {
        "reportDir": "mochawesome-report",
        "overwrite": false,
        "reportFilename": "index.html",
        "html": true,
        "json": true
      },
      "version": "6.3.2"
    }
  }
}