{
  "stats": {
    "suites": 2,
    "tests": 12,
    "passes": 12,
    "pending": 0,
    "failures": 0,
    "testsRegistered": 12,
    "passPercent": 100,
    "pendingPercent": 0,
    "other": 0,
    "hasOther": false,
    "skipped": 0,
    "hasSkipped": false,
    "start": "2025-11-08T20:44:16.852Z",
    "end": "2025-11-08T20:44:38.154Z",
    "duration": 21302
  },
  "results": [
    {
      "uuid": "070d6bfb-a378-4762-9c18-478f800fa2a9",
      "title": "",
      "fullFile": "cypress\\e2e\\api\\usersTest.cy.js",
      "file": "cypress\\e2e\\api\\usersTest.cy.js",
      "beforeHooks": [],
      "afterHooks": [],
      "tests": [],
      "suites": [
        {
          "uuid": "67279091-0548-4407-9b3f-d150a0ba32d1",
          "title": "Suite de Teste - Funcionalidades Usuários",
          "fullFile": "",
          "file": "",
          "beforeHooks": [],
          "afterHooks": [],
          "tests": [
            {
              "title": "Deve fazer login com sucesso usando classe de ação",
              "fullTitle": "Suite de Teste - Funcionalidades Usuários Deve fazer login com sucesso usando classe de ação",
              "timedOut": null,
              "duration": 252,
              "state": "passed",
              "speed": "fast",
              "pass": true,
              "fail": false,
              "pending": false,
              "context": null,
              "code": "const {\n  email,\n  password\n} = this.loginData.dadosUsuario;\nuserActions.login(email, password).then(response => {\n  expect(response.status).to.eq(200);\n  expect(response.body.message).to.eql('Login realizado com sucesso'); // Valida mensagem de sucesso\n  cy.log(response.body.authorization); // Mostra o token de autorização no log do Cypress\n});",
              "err": {},
              "uuid": "28fa518e-6bfb-4aea-a714-d81545c367cf",
              "parentUUID": "67279091-0548-4407-9b3f-d150a0ba32d1",
              "isHook": false,
              "skipped": false
            },
            {
              "title": "Deve cadastrar um usuário com sucesso",
              "fullTitle": "Suite de Teste - Funcionalidades Usuários Deve cadastrar um usuário com sucesso",
              "timedOut": null,
              "duration": 167,
              "state": "passed",
              "speed": "fast",
              "pass": true,
              "fail": false,
              "pending": false,
              "context": null,
              "code": "const {\n  nomeCompleto,\n  email,\n  senha,\n  admin\n} = gerarDadosUsuario();\nuserActions.cadastrarUsuario(nomeCompleto, email, senha, admin).should(response => {\n  expect(response.status).to.equal(201);\n  expect(response.body.message).to.equal('Cadastro realizado com sucesso');\n});",
              "err": {},
              "uuid": "2f94ec6a-4922-44d5-bec5-d486cdf6ca20",
              "parentUUID": "67279091-0548-4407-9b3f-d150a0ba32d1",
              "isHook": false,
              "skipped": false
            },
            {
              "title": "Deve validar um usuário com email inválido",
              "fullTitle": "Suite de Teste - Funcionalidades Usuários Deve validar um usuário com email inválido",
              "timedOut": null,
              "duration": 151,
              "state": "passed",
              "speed": "fast",
              "pass": true,
              "fail": false,
              "pending": false,
              "context": null,
              "code": "const {\n  nomeCompleto,\n  email,\n  senha,\n  admin\n} = gerarDadosUsuario(); //gerando o objeto com dados do usuário\nuserActions.cadastrarUsuario(nomeCompleto, email, senha, admin) // Primeiro cadastro para garantir que o email já existe\n.then(() => {\n  // Tenta cadastrar novamente com o mesmo email (espera erro)\n  userActions.cadastrarUsuario(nomeCompleto, email, senha, admin).should(response => {\n    // Valida que o status é 400 e a mensagem de erro\n    expect(response.status).to.equal(400);\n    expect(response.body.message).to.equal('Este email já está sendo usado');\n  });\n});",
              "err": {},
              "uuid": "7d5659d0-bead-45a6-aa7d-6b7c0805fe09",
              "parentUUID": "67279091-0548-4407-9b3f-d150a0ba32d1",
              "isHook": false,
              "skipped": false
            },
            {
              "title": "Deve listar usuários cadastrados",
              "fullTitle": "Suite de Teste - Funcionalidades Usuários Deve listar usuários cadastrados",
              "timedOut": null,
              "duration": 136,
              "state": "passed",
              "speed": "fast",
              "pass": true,
              "fail": false,
              "pending": false,
              "context": null,
              "code": "userActions.getUsuarios().then(response => {\n  expect(response.status).to.equal(200);\n  expect(response.body).to.have.property('quantidade');\n  expect(response.body).to.have.property('usuarios');\n  cy.log(`Total de usuários: ${response.body.quantidade}`);\n});",
              "err": {},
              "uuid": "e454e70a-0054-4d97-8379-002c4cada498",
              "parentUUID": "67279091-0548-4407-9b3f-d150a0ba32d1",
              "isHook": false,
              "skipped": false
            },
            {
              "title": "Deve deletar um usuário previamente cadastrado",
              "fullTitle": "Suite de Teste - Funcionalidades Usuários Deve deletar um usuário previamente cadastrado",
              "timedOut": null,
              "duration": 195,
              "state": "passed",
              "speed": "fast",
              "pass": true,
              "fail": false,
              "pending": false,
              "context": null,
              "code": "const {\n  nomeCompleto,\n  email,\n  senha,\n  admin\n} = gerarDadosUsuario();\nuserActions.cadastrarUsuario(nomeCompleto, email, senha, admin).then(res => {\n  const id = res.body._id;\n  userActions.deletarUsuario(id).should(resDel => {\n    expect(resDel.status).to.equal(200);\n    expect(resDel.body.message).to.equal('Registro excluído com sucesso');\n  });\n});",
              "err": {},
              "uuid": "d504989a-24b3-40a0-80e1-9bfb5fe484e6",
              "parentUUID": "67279091-0548-4407-9b3f-d150a0ba32d1",
              "isHook": false,
              "skipped": false
            },
            {
              "title": "Deve validar contrato de usuários",
              "fullTitle": "Suite de Teste - Funcionalidades Usuários Deve validar contrato de usuários",
              "timedOut": null,
              "duration": 319,
              "state": "passed",
              "speed": "fast",
              "pass": true,
              "fail": false,
              "pending": false,
              "context": null,
              "code": "cy.request('usuarios').then(response => {\n  return usersSchema.validateAsync(response.body);\n});",
              "err": {},
              "uuid": "67daebb6-5578-4b17-b5bc-337bbfe67f4d",
              "parentUUID": "67279091-0548-4407-9b3f-d150a0ba32d1",
              "isHook": false,
              "skipped": false
            }
          ],
          "suites": [],
          "passes": [
            "28fa518e-6bfb-4aea-a714-d81545c367cf",
            "2f94ec6a-4922-44d5-bec5-d486cdf6ca20",
            "7d5659d0-bead-45a6-aa7d-6b7c0805fe09",
            "e454e70a-0054-4d97-8379-002c4cada498",
            "d504989a-24b3-40a0-80e1-9bfb5fe484e6",
            "67daebb6-5578-4b17-b5bc-337bbfe67f4d"
          ],
          "failures": [],
          "pending": [],
          "skipped": [],
          "duration": 1220,
          "root": false,
          "rootEmpty": false,
          "_timeout": 2000
        }
      ],
      "passes": [],
      "failures": [],
      "pending": [],
      "skipped": [],
      "duration": 0,
      "root": true,
      "rootEmpty": true,
      "_timeout": 2000
    },
    {
      "uuid": "7e76bff7-e558-44ee-a7ab-ca9a16f48056",
      "title": "",
      "fullFile": "cypress\\e2e\\api\\productsTest.cy.js",
      "file": "cypress\\e2e\\api\\productsTest.cy.js",
      "beforeHooks": [],
      "afterHooks": [],
      "tests": [],
      "suites": [
        {
          "uuid": "456c782a-b528-4ef8-91c7-00553a52d376",
          "title": "Testes de API - Produtos",
          "fullFile": "",
          "file": "",
          "beforeHooks": [],
          "afterHooks": [],
          "tests": [
            {
              "title": "Deve cadastrar produto com sucesso - POST",
              "fullTitle": "Testes de API - Produtos Deve cadastrar produto com sucesso - POST",
              "timedOut": null,
              "duration": 1656,
              "state": "passed",
              "speed": "fast",
              "pass": true,
              "fail": false,
              "pending": false,
              "context": null,
              "code": "const {\n  nome,\n  preco,\n  descricao,\n  quantidade\n} = gerarDadosProduto();\nproductActions.cadastrarProduto(token, nome, preco, descricao, quantidade).should(response => {\n  expect(response.status).to.equal(201);\n  expect(response.body.message).to.equal('Cadastro realizado com sucesso');\n});",
              "err": {},
              "uuid": "03b0e48d-a8d4-4d56-92c5-41805bce34d4",
              "parentUUID": "456c782a-b528-4ef8-91c7-00553a52d376",
              "isHook": false,
              "skipped": false
            },
            {
              "title": "Deve validar mensagem de nome de produto já cadastrado - POST",
              "fullTitle": "Testes de API - Produtos Deve validar mensagem de nome de produto já cadastrado - POST",
              "timedOut": null,
              "duration": 372,
              "state": "passed",
              "speed": "fast",
              "pass": true,
              "fail": false,
              "pending": false,
              "context": null,
              "code": "const nomeDuplicado = 'Cabo USB 001';\nconst {\n  preco,\n  descricao,\n  quantidade\n} = gerarDadosProduto();\n// Primeiro cadastra o produto\nproductActions.cadastrarProduto(token, nomeDuplicado, preco, descricao, quantidade).then(() => {\n  // Tenta cadastrar novamente o mesmo produto e valida o erro\n  productActions.cadastrarProduto(token, nomeDuplicado, preco, descricao, quantidade).should(response => {\n    expect(response.status).to.equal(400);\n    expect(response.body.message).to.equal('Já existe produto com esse nome');\n  });\n});",
              "err": {},
              "uuid": "6afb8ae4-61f4-4f65-ba6b-af03e2a62b52",
              "parentUUID": "456c782a-b528-4ef8-91c7-00553a52d376",
              "isHook": false,
              "skipped": false
            },
            {
              "title": "Deve listar produtos com sucesso - GET",
              "fullTitle": "Testes de API - Produtos Deve listar produtos com sucesso - GET",
              "timedOut": null,
              "duration": 203,
              "state": "passed",
              "speed": "fast",
              "pass": true,
              "fail": false,
              "pending": false,
              "context": null,
              "code": "productActions.listarProdutos().should(response => {\n  expect(response.status).to.equal(200);\n  expect(response.body).to.have.property('produtos');\n});",
              "err": {},
              "uuid": "03994790-822c-4810-bef8-013efea3c36c",
              "parentUUID": "456c782a-b528-4ef8-91c7-00553a52d376",
              "isHook": false,
              "skipped": false
            },
            {
              "title": "Deve editar um produto com sucesso - PUT",
              "fullTitle": "Testes de API - Produtos Deve editar um produto com sucesso - PUT",
              "timedOut": null,
              "duration": 216,
              "state": "passed",
              "speed": "fast",
              "pass": true,
              "fail": false,
              "pending": false,
              "context": null,
              "code": "const nome = `Produto para editar - ${Date.now()}`;\nproductActions.cadastrarProduto(token, nome, 10, 'Descrição original', 100).then(response => {\n  const id = response.body._id;\n  productActions.editarProduto(token, id, nome, 100, 'Descrição atualizada', 101).should(resEdit => {\n    expect(resEdit.status).to.equal(200);\n    expect(resEdit.body.message).to.equal('Registro alterado com sucesso');\n  });\n});",
              "err": {},
              "uuid": "0584cf2d-2716-42e8-a47d-74c6b19a8229",
              "parentUUID": "456c782a-b528-4ef8-91c7-00553a52d376",
              "isHook": false,
              "skipped": false
            },
            {
              "title": "Deve deletar um produto com sucesso - DELETE",
              "fullTitle": "Testes de API - Produtos Deve deletar um produto com sucesso - DELETE",
              "timedOut": null,
              "duration": 178,
              "state": "passed",
              "speed": "fast",
              "pass": true,
              "fail": false,
              "pending": false,
              "context": null,
              "code": "const nome = `Produto para deletar - ${Date.now()}`;\nproductActions.cadastrarProduto(token, nome, 50, 'delete', 20).then(response => {\n  const id = response.body._id;\n  productActions.deletarProduto(token, id).should(resDel => {\n    expect(resDel.status).to.equal(200);\n    expect(resDel.body.message).to.equal('Registro excluído com sucesso');\n  });\n});",
              "err": {},
              "uuid": "73036a61-927f-4ba1-bee8-fbc76ebd1fe2",
              "parentUUID": "456c782a-b528-4ef8-91c7-00553a52d376",
              "isHook": false,
              "skipped": false
            },
            {
              "title": "Deve validar contrato de produtos com sucesso",
              "fullTitle": "Testes de API - Produtos Deve validar contrato de produtos com sucesso",
              "timedOut": null,
              "duration": 126,
              "state": "passed",
              "speed": "fast",
              "pass": true,
              "fail": false,
              "pending": false,
              "context": null,
              "code": "cy.request('produtos').then(response => {\n  return productsSchema.validateAsync(response.body);\n});",
              "err": {},
              "uuid": "36220cfc-28be-4afe-bb01-05f8f1545a9c",
              "parentUUID": "456c782a-b528-4ef8-91c7-00553a52d376",
              "isHook": false,
              "skipped": false
            }
          ],
          "suites": [],
          "passes": [
            "03b0e48d-a8d4-4d56-92c5-41805bce34d4",
            "6afb8ae4-61f4-4f65-ba6b-af03e2a62b52",
            "03994790-822c-4810-bef8-013efea3c36c",
            "0584cf2d-2716-42e8-a47d-74c6b19a8229",
            "73036a61-927f-4ba1-bee8-fbc76ebd1fe2",
            "36220cfc-28be-4afe-bb01-05f8f1545a9c"
          ],
          "failures": [],
          "pending": [],
          "skipped": [],
          "duration": 2751,
          "root": false,
          "rootEmpty": false,
          "_timeout": 2000
        }
      ],
      "passes": [],
      "failures": [],
      "pending": [],
      "skipped": [],
      "duration": 0,
      "root": true,
      "rootEmpty": true,
      "_timeout": 2000
    }
  ],
  "meta": {
    "mocha": {
      "version": "7.2.0"
    },
    "mochawesome": {
      "options": {
        "quiet": false,
        "reportFilename": "index.html",
        "saveHtml": true,
        "saveJson": true,
        "consoleReporter": "spec",
        "useInlineDiffs": false,
        "code": true
      },
      "version": "7.1.4"
    },
    "marge": {
      "options": {
        "reportDir": "mochawesome-report",
        "overwrite": false,
        "reportFilename": "index.html",
        "html": true,
        "json": true
      },
      "version": "6.3.2"
    }
  }
}